<?xml version="1.0" encoding="UTF-8"?>
<testng-results skipped="0" failed="0" total="1" passed="1">
  <reporter-output>
  </reporter-output>
  <suite name="Default suite" duration-ms="11667" started-at="2020-09-10T03:40:31Z" finished-at="2020-09-10T03:40:43Z">
    <groups>
    </groups>
    <test name="Default test" duration-ms="11667" started-at="2020-09-10T03:40:31Z" finished-at="2020-09-10T03:40:43Z">
      <class name="com.api.testScripts.FetchAllCountry">
        <test-method status="PASS" signature="configBS()[pri:0, instance:com.api.testScripts.FetchAllCountry@5474c6c]" name="configBS" is-config="true" duration-ms="2475" started-at="2020-09-10T09:10:29Z" finished-at="2020-09-10T09:10:31Z">
          <reporter-output>
          </reporter-output>
        </test-method> <!-- configBS -->
        <test-method status="PASS" signature="getAllCountry()[pri:0, instance:com.api.testScripts.FetchAllCountry@5474c6c]" name="getAllCountry" duration-ms="11611" started-at="2020-09-10T09:10:31Z" finished-at="2020-09-10T09:10:43Z">
          <reporter-output>
          </reporter-output>
        </test-method> <!-- getAllCountry -->
      </class> <!-- com.api.testScripts.FetchAllCountry -->
    </test> <!-- Default test -->
  </suite> <!-- Default suite -->
</testng-results>
